TN:
SF:/Users/guy/repositories/diddy-vm/cdiddy/src/core/dvm.c
FN:6,setup_diddy
FN:26,nop
FN:30,push
FN:44,pop
FN:49,jump
FN:62,branch
FN:79,equal
FN:99,greater
FN:119,lesser
FN:139,add
FN:155,subtract
FN:172,output
FN:187,halt
FNDA:2,add
FNDA:1,nop
FNDA:38,setup_diddy
FNDA:3,jump
FNDA:4,output
FNDA:4,lesser
FNDA:5,branch
FNDA:4,push
FNDA:2,subtract
FNDA:4,halt
FNDA:4,greater
FNDA:3,pop
FNDA:4,equal
FNF:13
FNH:13
DA:8,38
DA:10,38
DA:11,38
DA:12,38
DA:13,38
DA:14,38
DA:15,38
DA:16,38
DA:17,38
DA:18,38
DA:19,38
DA:20,38
DA:21,38
DA:23,38
DA:26,1
DA:27,1
DA:28,1
DA:30,4
DA:31,4
DA:32,4
DA:33,3
DA:34,3
DA:35,1
DA:37,4
DA:38,1
DA:39,1
DA:40,4
DA:41,4
DA:42,4
DA:44,3
DA:45,3
DA:46,3
DA:47,3
DA:49,3
DA:50,3
DA:51,3
DA:52,1
DA:53,1
DA:54,2
DA:56,3
DA:57,1
DA:58,1
DA:59,3
DA:60,3
DA:62,5
DA:63,5
DA:64,4
DA:65,4
DA:66,2
DA:67,2
DA:68,2
DA:70,4
DA:71,2
DA:72,2
DA:73,4
DA:74,4
DA:75,1
DA:77,5
DA:79,4
DA:81,4
DA:83,4
DA:84,4
DA:85,2
DA:86,2
DA:87,2
DA:90,4
DA:91,2
DA:92,2
DA:93,2
DA:96,4
DA:97,4
DA:99,4
DA:101,4
DA:103,4
DA:104,4
DA:105,2
DA:106,2
DA:107,2
DA:110,4
DA:111,2
DA:112,2
DA:113,2
DA:116,4
DA:117,4
DA:119,4
DA:121,4
DA:123,4
DA:124,4
DA:125,2
DA:126,2
DA:127,2
DA:130,4
DA:131,2
DA:132,2
DA:133,2
DA:136,4
DA:137,4
DA:139,2
DA:141,2
DA:143,2
DA:144,2
DA:145,1
DA:146,1
DA:147,1
DA:150,2
DA:152,2
DA:153,2
DA:155,2
DA:157,2
DA:159,2
DA:160,2
DA:161,1
DA:162,1
DA:163,1
DA:166,2
DA:168,2
DA:170,2
DA:172,4
DA:173,4
DA:174,4
DA:175,2
DA:176,2
DA:177,2
DA:179,4
DA:180,2
DA:181,2
DA:182,4
DA:184,4
DA:185,4
DA:187,4
DA:188,4
DA:189,4
DA:190,2
DA:191,2
DA:192,2
DA:194,4
DA:195,2
DA:196,2
DA:197,4
DA:198,4
LF:140
LH:140
end_of_record
TN:
SF:/Users/guy/repositories/diddy-vm/cdiddy/src/core/vmbase.c
FN:10,setup_vmbase
FN:35,execute_next_instruction
FN:41,set_instruction_pointer
FN:45,next
FN:49,push_stack
FN:59,pop_stack
FN:71,getMem
FN:83,setMem
FN:87,system_exit
FN:92,system_out
FN:96,load_program
FN:107,cleanup_dvm
FNDA:14,getMem
FNDA:37,next
FNDA:5,system_out
FNDA:51,cleanup_dvm
FNDA:1,load_program
FNDA:11,set_instruction_pointer
FNDA:5,system_exit
FNDA:1088,push_stack
FNDA:51,setup_vmbase
FNDA:17,setMem
FNDA:1,execute_next_instruction
FNDA:45,pop_stack
FNF:12
FNH:12
DA:12,51
DA:14,51
DA:15,51
DA:16,51
DA:18,51
DA:19,51
DA:20,51
DA:22,51
DA:23,417894
DA:24,208896
DA:25,208896
DA:27,51
DA:28,51
DA:30,51
DA:32,51
DA:35,1
DA:36,1
DA:37,1
DA:38,1
DA:39,1
DA:41,11
DA:42,11
DA:43,11
DA:45,37
DA:46,37
DA:47,37
DA:49,1088
DA:50,1088
DA:51,1088
DA:52,1
DA:53,1
DA:54,1
DA:55,1087
DA:57,1088
DA:59,45
DA:60,45
DA:61,45
DA:62,1
DA:63,1
DA:64,1
DA:65,44
DA:67,45
DA:68,45
DA:71,14
DA:73,14
DA:75,14
DA:76,4
DA:77,4
DA:78,10
DA:80,14
DA:83,17
DA:84,17
DA:85,17
DA:87,5
DA:88,5
DA:89,5
DA:90,5
DA:92,5
DA:93,5
DA:94,5
DA:96,1
DA:98,1
DA:99,10
DA:100,4
DA:101,4
DA:102,4
DA:103,1
DA:104,1
DA:105,1
DA:107,51
DA:108,51
DA:109,51
DA:110,51
DA:111,51
LF:74
LH:74
end_of_record
