TN:
SF:/Users/guy/repositories/diddy-vm/cdiddy/src/core/dvm.c
FN:6,setup_diddy
FN:26,nop
FN:30,push
FN:44,pop
FN:49,jump
FN:62,branch
FN:79,equal
FN:99,greater
FN:119,lesser
FN:139,add
FN:155,subtract
FN:172,output
FN:187,halt
FNDA:34,setup_diddy
FNDA:1,nop
FNDA:4,push
FNDA:3,pop
FNDA:3,jump
FNDA:5,branch
FNDA:4,equal
FNDA:4,greater
FNDA:4,lesser
FNDA:2,add
FNDA:2,subtract
FNDA:0,output
FNDA:4,halt
FNF:13
FNH:12
BRDA:37,0,0,1
BRDA:37,0,1,3
BRDA:56,0,0,1
BRDA:56,0,1,2
BRDA:65,0,0,2
BRDA:65,0,1,2
BRDA:70,0,0,2
BRDA:70,0,1,2
BRDA:90,0,0,2
BRDA:90,0,1,2
BRDA:110,0,0,2
BRDA:110,0,1,2
BRDA:130,0,0,2
BRDA:130,0,1,2
BRDA:179,0,0,-
BRDA:179,0,1,-
BRDA:194,0,0,2
BRDA:194,0,1,2
BRF:18
BRH:16
DA:8,34
DA:10,34
DA:11,34
DA:12,34
DA:13,34
DA:14,34
DA:15,34
DA:16,34
DA:17,34
DA:18,34
DA:19,34
DA:20,34
DA:21,34
DA:23,34
DA:26,1
DA:27,1
DA:28,1
DA:30,4
DA:31,4
DA:32,4
DA:33,3
DA:34,3
DA:35,1
DA:37,4
DA:38,1
DA:39,1
DA:40,4
DA:41,4
DA:42,4
DA:44,3
DA:45,3
DA:46,3
DA:47,3
DA:49,3
DA:50,3
DA:51,3
DA:52,1
DA:53,1
DA:54,2
DA:56,3
DA:57,1
DA:58,1
DA:59,3
DA:60,3
DA:62,5
DA:63,5
DA:64,4
DA:65,4
DA:66,2
DA:67,2
DA:68,2
DA:70,4
DA:71,2
DA:72,2
DA:73,4
DA:74,4
DA:75,1
DA:77,5
DA:79,4
DA:81,4
DA:83,4
DA:84,4
DA:85,2
DA:86,2
DA:87,2
DA:90,4
DA:91,2
DA:92,2
DA:93,2
DA:96,4
DA:97,4
DA:99,4
DA:101,4
DA:103,4
DA:104,4
DA:105,2
DA:106,2
DA:107,2
DA:110,4
DA:111,2
DA:112,2
DA:113,2
DA:116,4
DA:117,4
DA:119,4
DA:121,4
DA:123,4
DA:124,4
DA:125,2
DA:126,2
DA:127,2
DA:130,4
DA:131,2
DA:132,2
DA:133,2
DA:136,4
DA:137,4
DA:139,2
DA:141,2
DA:143,2
DA:144,2
DA:145,1
DA:146,1
DA:147,1
DA:150,2
DA:152,2
DA:153,2
DA:155,2
DA:157,2
DA:159,2
DA:160,2
DA:161,1
DA:162,1
DA:163,1
DA:166,2
DA:168,2
DA:170,2
DA:172,0
DA:173,0
DA:174,0
DA:175,0
DA:176,0
DA:177,0
DA:179,0
DA:180,0
DA:181,0
DA:182,0
DA:184,0
DA:185,0
DA:187,4
DA:188,4
DA:189,4
DA:190,2
DA:191,2
DA:192,2
DA:194,4
DA:195,2
DA:196,2
DA:197,4
DA:198,4
LF:140
LH:128
end_of_record
TN:
SF:/Users/guy/repositories/diddy-vm/cdiddy/src/tests/test_all.c
FN:9,main
FNDA:1,main
FNF:1
FNH:1
BRDA:28,0,0,1
BRDA:28,0,1,0
BRDA:32,0,0,0
BRDA:32,0,1,1
BRDA:40,0,0,1
BRDA:40,0,1,0
BRF:6
BRH:3
DA:9,1
DA:11,1
DA:12,1
DA:13,1
DA:14,1
DA:16,1
DA:18,1
DA:19,1
DA:20,1
DA:21,0
DA:22,0
DA:23,1
DA:25,1
DA:26,1
DA:28,1
DA:30,1
DA:31,1
DA:32,1
DA:33,0
DA:34,0
DA:35,1
DA:37,1
DA:38,1
DA:40,1
DA:42,1
LF:25
LH:21
end_of_record
TN:
SF:/Users/guy/repositories/diddy-vm/cdiddy/src/tests/test_dvm.c
FN:7,test_dvm_creation
FN:16,test_dvm_nop
FN:26,test_dvm_push_data
FN:39,test_dvm_push_stack
FN:55,test_dvm_push_pointer
FN:70,test_dvm_pop
FN:90,test_dvm_jump_data
FN:100,test_dvm_jump_stack
FN:113,test_dvm_jump_pointer
FN:125,test_dvm_branch_true_data
FN:137,test_dvm_branch_true_stack
FN:150,test_dvm_branch_true_data_pointer
FN:163,test_dvm_branch_true_stack_pointer
FN:177,test_dvm_branch_false
FN:189,test_dvm_equal_data_true
FN:202,test_dvm_equal_stack_true
FN:216,test_dvm_equal_data_false
FN:229,test_dvm_equal_stack_false
FN:243,test_dvm_greater_data_true
FN:256,test_dvm_greater_stack_true
FN:270,test_dvm_greater_data_false
FN:283,test_dvm_greater_stack_false
FN:297,test_dvm_lesser_data_true
FN:310,test_dvm_lesser_stack_true
FN:324,test_dvm_lesser_data_false
FN:337,test_dvm_lesser_stack_false
FN:351,test_dvm_add_data
FN:364,test_dvm_add_stack
FN:378,test_dvm_subtract_data
FN:391,test_dvm_subtract_stack
FN:405,test_dvm_halt_stack
FN:419,test_dvm_halt_data
FN:432,test_dvm_halt_stack_pointer
FN:447,test_dvm_halt_data_pointer
FN:461,test_dvm
FNDA:1,test_dvm_creation
FNDA:1,test_dvm_nop
FNDA:1,test_dvm_push_data
FNDA:1,test_dvm_push_stack
FNDA:1,test_dvm_push_pointer
FNDA:1,test_dvm_pop
FNDA:1,test_dvm_jump_data
FNDA:1,test_dvm_jump_stack
FNDA:1,test_dvm_jump_pointer
FNDA:1,test_dvm_branch_true_data
FNDA:1,test_dvm_branch_true_stack
FNDA:1,test_dvm_branch_true_data_pointer
FNDA:1,test_dvm_branch_true_stack_pointer
FNDA:1,test_dvm_branch_false
FNDA:1,test_dvm_equal_data_true
FNDA:1,test_dvm_equal_stack_true
FNDA:1,test_dvm_equal_data_false
FNDA:1,test_dvm_equal_stack_false
FNDA:1,test_dvm_greater_data_true
FNDA:1,test_dvm_greater_stack_true
FNDA:1,test_dvm_greater_data_false
FNDA:1,test_dvm_greater_stack_false
FNDA:1,test_dvm_lesser_data_true
FNDA:1,test_dvm_lesser_stack_true
FNDA:1,test_dvm_lesser_data_false
FNDA:1,test_dvm_lesser_stack_false
FNDA:1,test_dvm_add_data
FNDA:1,test_dvm_add_stack
FNDA:1,test_dvm_subtract_data
FNDA:1,test_dvm_subtract_stack
FNDA:1,test_dvm_halt_stack
FNDA:1,test_dvm_halt_data
FNDA:1,test_dvm_halt_stack_pointer
FNDA:1,test_dvm_halt_data_pointer
FNDA:1,test_dvm
FNF:35
FNH:35
BRDA:10,0,0,0
BRDA:10,0,1,1
BRDA:20,0,0,0
BRDA:20,0,1,1
BRDA:31,0,0,0
BRDA:31,0,1,1
BRDA:32,1,0,0
BRDA:32,1,1,1
BRDA:33,1,0,0
BRDA:33,1,1,1
BRDA:44,0,0,0
BRDA:44,0,1,1
BRDA:45,1,0,0
BRDA:45,1,1,1
BRDA:47,1,0,0
BRDA:47,1,1,1
BRDA:48,1,0,0
BRDA:48,1,1,1
BRDA:49,1,0,0
BRDA:49,1,1,1
BRDA:62,0,0,0
BRDA:62,0,1,1
BRDA:63,1,0,0
BRDA:63,1,1,1
BRDA:64,1,0,0
BRDA:64,1,1,1
BRDA:81,0,0,0
BRDA:81,0,1,1
BRDA:82,1,0,0
BRDA:82,1,1,1
BRDA:83,1,0,0
BRDA:83,1,1,1
BRDA:84,1,0,0
BRDA:84,1,1,1
BRDA:94,0,0,0
BRDA:94,0,1,1
BRDA:104,0,0,0
BRDA:104,0,1,1
BRDA:106,1,0,0
BRDA:106,1,1,1
BRDA:107,1,0,0
BRDA:107,1,1,1
BRDA:119,0,0,0
BRDA:119,0,1,1
BRDA:130,0,0,0
BRDA:130,0,1,1
BRDA:131,1,0,0
BRDA:131,1,1,1
BRDA:143,0,0,0
BRDA:143,0,1,1
BRDA:144,1,0,0
BRDA:144,1,1,1
BRDA:156,0,0,0
BRDA:156,0,1,1
BRDA:157,1,0,0
BRDA:157,1,1,1
BRDA:170,0,0,0
BRDA:170,0,1,1
BRDA:171,1,0,0
BRDA:171,1,1,1
BRDA:182,0,0,0
BRDA:182,0,1,1
BRDA:183,1,0,0
BRDA:183,1,1,1
BRDA:194,0,0,0
BRDA:194,0,1,1
BRDA:195,1,0,0
BRDA:195,1,1,1
BRDA:196,1,0,0
BRDA:196,1,1,1
BRDA:208,0,0,0
BRDA:208,0,1,1
BRDA:209,1,0,0
BRDA:209,1,1,1
BRDA:210,1,0,0
BRDA:210,1,1,1
BRDA:221,0,0,0
BRDA:221,0,1,1
BRDA:222,1,0,0
BRDA:222,1,1,1
BRDA:223,1,0,0
BRDA:223,1,1,1
BRDA:235,0,0,0
BRDA:235,0,1,1
BRDA:236,1,0,0
BRDA:236,1,1,1
BRDA:237,1,0,0
BRDA:237,1,1,1
BRDA:248,0,0,0
BRDA:248,0,1,1
BRDA:249,1,0,0
BRDA:249,1,1,1
BRDA:250,1,0,0
BRDA:250,1,1,1
BRDA:262,0,0,0
BRDA:262,0,1,1
BRDA:263,1,0,0
BRDA:263,1,1,1
BRDA:264,1,0,0
BRDA:264,1,1,1
BRDA:275,0,0,0
BRDA:275,0,1,1
BRDA:276,1,0,0
BRDA:276,1,1,1
BRDA:277,1,0,0
BRDA:277,1,1,1
BRDA:289,0,0,0
BRDA:289,0,1,1
BRDA:290,1,0,0
BRDA:290,1,1,1
BRDA:291,1,0,0
BRDA:291,1,1,1
BRDA:302,0,0,0
BRDA:302,0,1,1
BRDA:303,1,0,0
BRDA:303,1,1,1
BRDA:304,1,0,0
BRDA:304,1,1,1
BRDA:316,0,0,0
BRDA:316,0,1,1
BRDA:317,1,0,0
BRDA:317,1,1,1
BRDA:318,1,0,0
BRDA:318,1,1,1
BRDA:329,0,0,0
BRDA:329,0,1,1
BRDA:330,1,0,0
BRDA:330,1,1,1
BRDA:331,1,0,0
BRDA:331,1,1,1
BRDA:343,0,0,0
BRDA:343,0,1,1
BRDA:344,1,0,0
BRDA:344,1,1,1
BRDA:345,1,0,0
BRDA:345,1,1,1
BRDA:356,0,0,0
BRDA:356,0,1,1
BRDA:357,1,0,0
BRDA:357,1,1,1
BRDA:358,1,0,0
BRDA:358,1,1,1
BRDA:370,0,0,0
BRDA:370,0,1,1
BRDA:371,1,0,0
BRDA:371,1,1,1
BRDA:372,1,0,0
BRDA:372,1,1,1
BRDA:383,0,0,0
BRDA:383,0,1,1
BRDA:384,1,0,0
BRDA:384,1,1,1
BRDA:385,1,0,0
BRDA:385,1,1,1
BRDA:397,0,0,0
BRDA:397,0,1,1
BRDA:398,1,0,0
BRDA:398,1,1,1
BRDA:399,1,0,0
BRDA:399,1,1,1
BRDA:409,0,0,0
BRDA:409,0,1,1
BRDA:410,1,0,0
BRDA:410,1,1,1
BRDA:412,1,0,0
BRDA:412,1,1,1
BRDA:413,1,0,0
BRDA:413,1,1,1
BRDA:422,0,0,0
BRDA:422,0,1,1
BRDA:423,1,0,0
BRDA:423,1,1,1
BRDA:425,1,0,0
BRDA:425,1,1,1
BRDA:426,1,0,0
BRDA:426,1,1,1
BRDA:437,0,0,0
BRDA:437,0,1,1
BRDA:438,1,0,0
BRDA:438,1,1,1
BRDA:440,1,0,0
BRDA:440,1,1,1
BRDA:441,1,0,0
BRDA:441,1,1,1
BRDA:451,0,0,0
BRDA:451,0,1,1
BRDA:452,1,0,0
BRDA:452,1,1,1
BRDA:454,1,0,0
BRDA:454,1,1,1
BRDA:455,1,0,0
BRDA:455,1,1,1
BRDA:463,0,0,0
BRDA:463,0,1,1
BRDA:464,1,0,0
BRDA:464,1,1,1
BRDA:465,1,0,0
BRDA:465,1,1,1
BRDA:466,1,0,0
BRDA:466,1,1,1
BRDA:467,1,0,0
BRDA:467,1,1,1
BRDA:468,1,0,0
BRDA:468,1,1,1
BRDA:469,1,0,0
BRDA:469,1,1,1
BRDA:470,1,0,0
BRDA:470,1,1,1
BRDA:471,1,0,0
BRDA:471,1,1,1
BRDA:472,1,0,0
BRDA:472,1,1,1
BRDA:473,1,0,0
BRDA:473,1,1,1
BRDA:474,1,0,0
BRDA:474,1,1,1
BRDA:475,1,0,0
BRDA:475,1,1,1
BRDA:476,1,0,0
BRDA:476,1,1,1
BRDA:477,1,0,0
BRDA:477,1,1,1
BRDA:478,1,0,0
BRDA:478,1,1,1
BRDA:479,1,0,0
BRDA:479,1,1,1
BRDA:480,1,0,0
BRDA:480,1,1,1
BRDA:481,1,0,0
BRDA:481,1,1,1
BRDA:482,1,0,0
BRDA:482,1,1,1
BRDA:483,1,0,0
BRDA:483,1,1,1
BRDA:484,1,0,0
BRDA:484,1,1,1
BRDA:485,1,0,0
BRDA:485,1,1,1
BRDA:486,1,0,0
BRDA:486,1,1,1
BRDA:487,1,0,0
BRDA:487,1,1,1
BRDA:488,1,0,0
BRDA:488,1,1,1
BRDA:489,1,0,0
BRDA:489,1,1,1
BRDA:490,1,0,0
BRDA:490,1,1,1
BRDA:491,1,0,0
BRDA:491,1,1,1
BRDA:492,1,0,0
BRDA:492,1,1,1
BRDA:493,1,0,0
BRDA:493,1,1,1
BRDA:494,1,0,0
BRDA:494,1,1,1
BRDA:495,1,0,0
BRDA:495,1,1,1
BRDA:496,1,0,0
BRDA:496,1,1,1
BRF:260
BRH:130
DA:8,1
DA:10,1
DA:12,1
DA:13,1
DA:14,1
DA:17,1
DA:19,1
DA:20,1
DA:22,1
DA:23,1
DA:24,1
DA:27,1
DA:29,1
DA:31,1
DA:32,1
DA:33,1
DA:35,1
DA:36,1
DA:37,1
DA:40,1
DA:42,1
DA:44,1
DA:45,1
DA:46,1
DA:47,1
DA:48,1
DA:49,1
DA:51,1
DA:52,1
DA:53,1
DA:56,1
DA:58,1
DA:60,1
DA:62,1
DA:63,1
DA:64,1
DA:66,1
DA:67,1
DA:68,1
DA:71,1
DA:73,1
DA:74,1
DA:75,1
DA:77,1
DA:78,1
DA:79,1
DA:81,1
DA:82,1
DA:83,1
DA:84,1
DA:86,1
DA:87,1
DA:88,1
DA:91,1
DA:93,1
DA:94,1
DA:96,1
DA:97,1
DA:98,1
DA:101,1
DA:103,1
DA:104,1
DA:105,1
DA:106,1
DA:107,1
DA:109,1
DA:110,1
DA:111,1
DA:114,1
DA:116,1
DA:117,1
DA:118,1
DA:119,1
DA:121,1
DA:122,1
DA:123,1
DA:126,1
DA:128,1
DA:129,1
DA:130,1
DA:131,1
DA:133,1
DA:134,1
DA:135,1
DA:138,1
DA:140,1
DA:141,1
DA:142,1
DA:143,1
DA:144,1
DA:146,1
DA:147,1
DA:148,1
DA:151,1
DA:153,1
DA:154,1
DA:155,1
DA:156,1
DA:157,1
DA:159,1
DA:160,1
DA:161,1
DA:164,1
DA:166,1
DA:167,1
DA:168,1
DA:169,1
DA:170,1
DA:171,1
DA:173,1
DA:174,1
DA:175,1
DA:178,1
DA:180,1
DA:181,1
DA:182,1
DA:183,1
DA:185,1
DA:186,1
DA:187,1
DA:190,1
DA:192,1
DA:193,1
DA:194,1
DA:195,1
DA:196,1
DA:198,1
DA:199,1
DA:200,1
DA:203,1
DA:205,1
DA:206,1
DA:207,1
DA:208,1
DA:209,1
DA:210,1
DA:212,1
DA:213,1
DA:214,1
DA:217,1
DA:219,1
DA:220,1
DA:221,1
DA:222,1
DA:223,1
DA:225,1
DA:226,1
DA:227,1
DA:230,1
DA:232,1
DA:233,1
DA:234,1
DA:235,1
DA:236,1
DA:237,1
DA:239,1
DA:240,1
DA:241,1
DA:244,1
DA:246,1
DA:247,1
DA:248,1
DA:249,1
DA:250,1
DA:252,1
DA:253,1
DA:254,1
DA:257,1
DA:259,1
DA:260,1
DA:261,1
DA:262,1
DA:263,1
DA:264,1
DA:266,1
DA:267,1
DA:268,1
DA:271,1
DA:273,1
DA:274,1
DA:275,1
DA:276,1
DA:277,1
DA:279,1
DA:280,1
DA:281,1
DA:284,1
DA:286,1
DA:287,1
DA:288,1
DA:289,1
DA:290,1
DA:291,1
DA:293,1
DA:294,1
DA:295,1
DA:298,1
DA:300,1
DA:301,1
DA:302,1
DA:303,1
DA:304,1
DA:306,1
DA:307,1
DA:308,1
DA:311,1
DA:313,1
DA:314,1
DA:315,1
DA:316,1
DA:317,1
DA:318,1
DA:320,1
DA:321,1
DA:322,1
DA:325,1
DA:327,1
DA:328,1
DA:329,1
DA:330,1
DA:331,1
DA:333,1
DA:334,1
DA:335,1
DA:338,1
DA:340,1
DA:341,1
DA:342,1
DA:343,1
DA:344,1
DA:345,1
DA:347,1
DA:348,1
DA:349,1
DA:352,1
DA:354,1
DA:355,1
DA:356,1
DA:357,1
DA:358,1
DA:360,1
DA:361,1
DA:362,1
DA:365,1
DA:367,1
DA:368,1
DA:369,1
DA:370,1
DA:371,1
DA:372,1
DA:374,1
DA:375,1
DA:376,1
DA:379,1
DA:381,1
DA:382,1
DA:383,1
DA:384,1
DA:385,1
DA:387,1
DA:388,1
DA:389,1
DA:392,1
DA:394,1
DA:395,1
DA:396,1
DA:397,1
DA:398,1
DA:399,1
DA:401,1
DA:402,1
DA:403,1
DA:406,1
DA:408,1
DA:409,1
DA:410,1
DA:411,1
DA:412,1
DA:413,1
DA:415,1
DA:416,1
DA:417,1
DA:420,1
DA:422,1
DA:423,1
DA:424,1
DA:425,1
DA:426,1
DA:428,1
DA:429,1
DA:430,1
DA:433,1
DA:435,1
DA:436,1
DA:437,1
DA:438,1
DA:439,1
DA:440,1
DA:441,1
DA:443,1
DA:444,1
DA:445,1
DA:448,1
DA:450,1
DA:451,1
DA:452,1
DA:453,1
DA:454,1
DA:455,1
DA:457,1
DA:458,1
DA:459,1
DA:463,1
DA:464,1
DA:465,1
DA:466,1
DA:467,1
DA:468,1
DA:469,1
DA:470,1
DA:471,1
DA:472,1
DA:473,1
DA:474,1
DA:475,1
DA:476,1
DA:477,1
DA:478,1
DA:479,1
DA:480,1
DA:481,1
DA:482,1
DA:483,1
DA:484,1
DA:485,1
DA:486,1
DA:487,1
DA:488,1
DA:489,1
DA:490,1
DA:491,1
DA:492,1
DA:493,1
DA:494,1
DA:495,1
DA:496,1
DA:498,1
DA:499,1
LF:348
LH:348
end_of_record
TN:
SF:/Users/guy/repositories/diddy-vm/cdiddy/src/tests/test_vmbase.c
FN:7,test_creation
FN:16,stop_func
FN:20,test_execute_next_instruction
FN:35,test_set_instruction_pointer
FN:48,test_next_instruction_pointer
FN:61,test_load_program
FN:78,test_stack
FN:95,test_set_mem
FN:108,test_get_mem
FN:121,test_get_pointer_mem
FN:139,test_exit
FN:150,test_vmbase
FNDA:1,test_creation
FNDA:1,stop_func
FNDA:1,test_execute_next_instruction
FNDA:1,test_set_instruction_pointer
FNDA:1,test_next_instruction_pointer
FNDA:1,test_load_program
FNDA:1,test_stack
FNDA:1,test_set_mem
FNDA:1,test_get_mem
FNDA:1,test_get_pointer_mem
FNDA:1,test_exit
FNDA:1,test_vmbase
FNF:12
FNH:12
BRDA:10,0,0,0
BRDA:10,0,1,1
BRDA:26,0,0,0
BRDA:26,0,1,1
BRDA:29,1,0,0
BRDA:29,1,1,1
BRDA:38,0,0,0
BRDA:38,0,1,1
BRDA:40,1,0,0
BRDA:40,1,1,1
BRDA:42,1,0,0
BRDA:42,1,1,1
BRDA:51,0,0,0
BRDA:51,0,1,1
BRDA:53,1,0,0
BRDA:53,1,1,1
BRDA:55,1,0,0
BRDA:55,1,1,1
BRDA:68,0,0,0
BRDA:68,0,1,1
BRDA:69,1,0,0
BRDA:69,1,1,1
BRDA:70,1,0,0
BRDA:70,1,1,1
BRDA:71,1,0,0
BRDA:71,1,1,1
BRDA:72,1,0,0
BRDA:72,1,1,1
BRDA:81,0,0,0
BRDA:81,0,1,1
BRDA:85,1,0,0
BRDA:85,1,1,1
BRDA:87,1,0,0
BRDA:87,1,1,1
BRDA:88,1,0,0
BRDA:88,1,1,1
BRDA:89,1,0,0
BRDA:89,1,1,1
BRDA:101,0,0,0
BRDA:101,0,1,1
BRDA:102,1,0,0
BRDA:102,1,1,1
BRDA:114,0,0,0
BRDA:114,0,1,1
BRDA:115,1,0,0
BRDA:115,1,1,1
BRDA:129,0,0,0
BRDA:129,0,1,1
BRDA:131,1,0,0
BRDA:131,1,1,1
BRDA:133,1,0,0
BRDA:133,1,1,1
BRDA:143,0,0,0
BRDA:143,0,1,1
BRDA:144,1,0,0
BRDA:144,1,1,1
BRDA:151,0,0,0
BRDA:151,0,1,1
BRDA:152,1,0,0
BRDA:152,1,1,1
BRDA:153,1,0,0
BRDA:153,1,1,1
BRDA:154,1,0,0
BRDA:154,1,1,1
BRDA:155,1,0,0
BRDA:155,1,1,1
BRDA:156,1,0,0
BRDA:156,1,1,1
BRDA:157,1,0,0
BRDA:157,1,1,1
BRDA:158,1,0,0
BRDA:158,1,1,1
BRDA:159,1,0,0
BRDA:159,1,1,1
BRDA:160,1,0,0
BRDA:160,1,1,1
BRF:76
BRH:38
DA:8,1
DA:10,1
DA:12,1
DA:13,1
DA:14,1
DA:16,1
DA:17,1
DA:18,1
DA:21,1
DA:23,1
DA:24,1
DA:25,1
DA:26,1
DA:27,1
DA:29,1
DA:31,1
DA:32,1
DA:33,1
DA:36,1
DA:38,1
DA:39,1
DA:40,1
DA:41,1
DA:42,1
DA:44,1
DA:45,1
DA:46,1
DA:49,1
DA:51,1
DA:52,1
DA:53,1
DA:54,1
DA:55,1
DA:57,1
DA:58,1
DA:59,1
DA:62,1
DA:64,1
DA:66,1
DA:68,1
DA:69,1
DA:70,1
DA:71,1
DA:72,1
DA:74,1
DA:75,1
DA:76,1
DA:79,1
DA:81,1
DA:82,1
DA:83,1
DA:84,1
DA:85,1
DA:87,1
DA:88,1
DA:89,1
DA:91,1
DA:92,1
DA:93,1
DA:96,1
DA:98,1
DA:99,1
DA:101,1
DA:102,1
DA:104,1
DA:105,1
DA:106,1
DA:109,1
DA:111,1
DA:112,1
DA:114,1
DA:115,1
DA:117,1
DA:118,1
DA:119,1
DA:122,1
DA:124,1
DA:125,1
DA:126,1
DA:128,1
DA:129,1
DA:130,1
DA:131,1
DA:132,1
DA:133,1
DA:135,1
DA:136,1
DA:137,1
DA:140,1
DA:142,1
DA:143,1
DA:144,1
DA:146,1
DA:147,1
DA:148,1
DA:151,1
DA:152,1
DA:153,1
DA:154,1
DA:155,1
DA:156,1
DA:157,1
DA:158,1
DA:159,1
DA:160,1
DA:161,1
DA:162,1
LF:107
LH:107
end_of_record
TN:
SF:/Users/guy/repositories/diddy-vm/cdiddy/src/core/vmbase.c
FN:10,setup_vmbase
FN:35,execute_next_instruction
FN:41,set_instruction_pointer
FN:45,next
FN:49,push_stack
FN:59,pop_stack
FN:71,getMem
FN:83,setMem
FN:87,system_exit
FN:92,system_out
FN:96,load_program
FN:107,dump_program
FN:114,cleanup_dvm
FNDA:44,setup_vmbase
FNDA:1,execute_next_instruction
FNDA:11,set_instruction_pointer
FNDA:33,next
FNDA:61,push_stack
FNDA:42,pop_stack
FNDA:12,getMem
FNDA:15,setMem
FNDA:5,system_exit
FNDA:0,system_out
FNDA:1,load_program
FNDA:0,dump_program
FNDA:44,cleanup_dvm
FNF:13
FNH:11
BRDA:23,0,0,180224
BRDA:23,0,1,44
BRDA:99,0,0,4
BRDA:99,0,1,1
BRDA:109,0,0,-
BRDA:109,0,1,-
BRF:6
BRH:4
DA:12,44
DA:14,44
DA:15,44
DA:16,44
DA:18,44
DA:19,44
DA:20,44
DA:22,44
DA:23,180268
DA:24,180224
DA:25,180224
DA:27,44
DA:28,44
DA:30,44
DA:32,44
DA:35,1
DA:36,1
DA:37,1
DA:38,1
DA:39,1
DA:41,11
DA:42,11
DA:43,11
DA:45,33
DA:46,33
DA:47,33
DA:49,61
DA:50,61
DA:51,61
DA:52,0
DA:53,0
DA:54,0
DA:55,61
DA:57,61
DA:59,42
DA:60,42
DA:61,42
DA:62,0
DA:63,0
DA:64,0
DA:65,42
DA:67,42
DA:68,42
DA:71,12
DA:73,12
DA:75,12
DA:76,4
DA:77,4
DA:78,8
DA:80,12
DA:83,15
DA:84,15
DA:85,15
DA:87,5
DA:88,5
DA:89,5
DA:90,5
DA:92,0
DA:93,0
DA:94,0
DA:96,1
DA:98,1
DA:99,5
DA:100,4
DA:101,4
DA:102,4
DA:103,1
DA:104,1
DA:105,1
DA:107,0
DA:108,0
DA:109,0
DA:110,0
DA:111,0
DA:112,0
DA:114,44
DA:115,44
DA:116,44
DA:117,44
DA:118,44
LF:80
LH:65
end_of_record
